Aug 27 2022 09:19:39
{"Number":2,"Message":"rmdir(C:\\xampp\\htdocs\\wordpress\\wp-content\\plugins\\all-in-one-wp-migration-master\\storage\\zlknp22z1iag): Directory not empty","File":"C:\\xampp\\htdocs\\wordpress\\wp-content\\plugins\\all-in-one-wp-migration-master\\lib\\vendor\\servmask\\filesystem\\class-ai1wm-directory.php","Line":60}

Aug 27 2022 09:19:42
{"Number":2,"Message":"filesize(): stat failed for C:\\xampp\\htdocs\\wordpress\\wp-content\\plugins\\all-in-one-wp-migration-master\\storage\\zlknp22z1iag\\localhost-wordpress-20220827-091553-292.wpress","File":"C:\\xampp\\htdocs\\wordpress\\wp-content\\plugins\\all-in-one-wp-migration-master\\lib\\vendor\\servmask\\archiver\\class-ai1wm-archiver.php","Line":217}

Sep 03 2022 21:24:37
{"Number":8192,"Message":"DateTime::__construct(): Passing null to parameter #1 ($datetime) of type string is deprecated","File":"C:\\xampp\\htdocs\\wordpress\\wp-content\\plugins\\seo-by-rank-math\\vendor\\woocommerce\\action-scheduler\\functions.php","Line":316}

Sep 03 2022 21:24:37
{"type":8192,"message":"ltrim(): Passing null to parameter #1 ($string) of type string is deprecated","file":"C:\\xampp\\htdocs\\wordpress\\wp-includes\\wp-db.php","line":3030}

Sep 03 2022 21:24:41
{"type":8192,"message":"ltrim(): Passing null to parameter #1 ($string) of type string is deprecated","file":"C:\\xampp\\htdocs\\wordpress\\wp-includes\\wp-db.php","line":3030}

Sep 03 2022 21:24:43
{"type":8192,"message":"ltrim(): Passing null to parameter #1 ($string) of type string is deprecated","file":"C:\\xampp\\htdocs\\wordpress\\wp-includes\\wp-db.php","line":3030}

Sep 03 2022 21:24:46
{"type":8192,"message":"ltrim(): Passing null to parameter #1 ($string) of type string is deprecated","file":"C:\\xampp\\htdocs\\wordpress\\wp-includes\\wp-db.php","line":3030}

Sep 03 2022 21:25:03
{"type":8192,"message":"ltrim(): Passing null to parameter #1 ($string) of type string is deprecated","file":"C:\\xampp\\htdocs\\wordpress\\wp-includes\\wp-db.php","line":3030}

Sep 03 2022 21:25:21
{"type":8192,"message":"ltrim(): Passing null to parameter #1 ($string) of type string is deprecated","file":"C:\\xampp\\htdocs\\wordpress\\wp-includes\\wp-db.php","line":3030}

Sep 03 2022 21:25:38
{"Number":8192,"Message":"DateTime::__construct(): Passing null to parameter #1 ($datetime) of type string is deprecated","File":"C:\\xampp\\htdocs\\wordpress\\wp-content\\plugins\\seo-by-rank-math\\vendor\\woocommerce\\action-scheduler\\functions.php","Line":316}

Sep 03 2022 21:25:38
{"type":8192,"message":"ltrim(): Passing null to parameter #1 ($string) of type string is deprecated","file":"C:\\xampp\\htdocs\\wordpress\\wp-includes\\wp-db.php","line":3030}

Sep 03 2022 21:25:51
{"type":8192,"message":"ltrim(): Passing null to parameter #1 ($string) of type string is deprecated","file":"C:\\xampp\\htdocs\\wordpress\\wp-includes\\wp-db.php","line":3030}

Sep 03 2022 21:26:02
{"type":8192,"message":"ltrim(): Passing null to parameter #1 ($string) of type string is deprecated","file":"C:\\xampp\\htdocs\\wordpress\\wp-includes\\wp-db.php","line":3030}

Sep 03 2022 21:26:13
{"type":8192,"message":"ltrim(): Passing null to parameter #1 ($string) of type string is deprecated","file":"C:\\xampp\\htdocs\\wordpress\\wp-includes\\wp-db.php","line":3030}

Sep 03 2022 21:26:25
{"type":8192,"message":"ltrim(): Passing null to parameter #1 ($string) of type string is deprecated","file":"C:\\xampp\\htdocs\\wordpress\\wp-includes\\wp-db.php","line":3030}

Sep 03 2022 21:26:42
{"Number":8192,"Message":"DateTime::__construct(): Passing null to parameter #1 ($datetime) of type string is deprecated","File":"C:\\xampp\\htdocs\\wordpress\\wp-content\\plugins\\seo-by-rank-math\\vendor\\woocommerce\\action-scheduler\\functions.php","Line":316}

Sep 03 2022 21:26:42
{"type":8192,"message":"ltrim(): Passing null to parameter #1 ($string) of type string is deprecated","file":"C:\\xampp\\htdocs\\wordpress\\wp-includes\\wp-db.php","line":3030}

Sep 03 2022 21:26:58
{"type":8192,"message":"ltrim(): Passing null to parameter #1 ($string) of type string is deprecated","file":"C:\\xampp\\htdocs\\wordpress\\wp-includes\\wp-db.php","line":3030}

Sep 03 2022 21:27:10
{"type":8192,"message":"ltrim(): Passing null to parameter #1 ($string) of type string is deprecated","file":"C:\\xampp\\htdocs\\wordpress\\wp-includes\\wp-db.php","line":3030}

Sep 03 2022 21:27:21
{"type":8192,"message":"ltrim(): Passing null to parameter #1 ($string) of type string is deprecated","file":"C:\\xampp\\htdocs\\wordpress\\wp-includes\\wp-db.php","line":3030}

Sep 03 2022 21:27:33
{"type":8192,"message":"ltrim(): Passing null to parameter #1 ($string) of type string is deprecated","file":"C:\\xampp\\htdocs\\wordpress\\wp-includes\\wp-db.php","line":3030}

Sep 03 2022 21:27:51
{"Number":8192,"Message":"DateTime::__construct(): Passing null to parameter #1 ($datetime) of type string is deprecated","File":"C:\\xampp\\htdocs\\wordpress\\wp-content\\plugins\\seo-by-rank-math\\vendor\\woocommerce\\action-scheduler\\functions.php","Line":316}

Sep 03 2022 21:27:51
{"type":8192,"message":"ltrim(): Passing null to parameter #1 ($string) of type string is deprecated","file":"C:\\xampp\\htdocs\\wordpress\\wp-includes\\wp-db.php","line":3030}

Sep 03 2022 21:28:03
{"type":8192,"message":"ltrim(): Passing null to parameter #1 ($string) of type string is deprecated","file":"C:\\xampp\\htdocs\\wordpress\\wp-includes\\wp-db.php","line":3030}

Sep 03 2022 21:28:15
{"type":8192,"message":"ltrim(): Passing null to parameter #1 ($string) of type string is deprecated","file":"C:\\xampp\\htdocs\\wordpress\\wp-includes\\wp-db.php","line":3030}

Sep 03 2022 21:28:31
{"type":8192,"message":"ltrim(): Passing null to parameter #1 ($string) of type string is deprecated","file":"C:\\xampp\\htdocs\\wordpress\\wp-includes\\wp-db.php","line":3030}

Sep 03 2022 21:28:44
{"type":8192,"message":"ltrim(): Passing null to parameter #1 ($string) of type string is deprecated","file":"C:\\xampp\\htdocs\\wordpress\\wp-includes\\wp-db.php","line":3030}

Sep 03 2022 21:28:55
{"Number":8192,"Message":"DateTime::__construct(): Passing null to parameter #1 ($datetime) of type string is deprecated","File":"C:\\xampp\\htdocs\\wordpress\\wp-content\\plugins\\seo-by-rank-math\\vendor\\woocommerce\\action-scheduler\\functions.php","Line":316}

Sep 03 2022 21:28:55
{"type":8192,"message":"ltrim(): Passing null to parameter #1 ($string) of type string is deprecated","file":"C:\\xampp\\htdocs\\wordpress\\wp-includes\\wp-db.php","line":3030}

Sep 03 2022 21:29:07
{"type":8192,"message":"ltrim(): Passing null to parameter #1 ($string) of type string is deprecated","file":"C:\\xampp\\htdocs\\wordpress\\wp-includes\\wp-db.php","line":3030}

Sep 03 2022 21:29:23
{"type":8192,"message":"ltrim(): Passing null to parameter #1 ($string) of type string is deprecated","file":"C:\\xampp\\htdocs\\wordpress\\wp-includes\\wp-db.php","line":3030}

Sep 03 2022 21:29:35
{"type":8192,"message":"ltrim(): Passing null to parameter #1 ($string) of type string is deprecated","file":"C:\\xampp\\htdocs\\wordpress\\wp-includes\\wp-db.php","line":3030}

Sep 03 2022 21:29:47
{"type":8192,"message":"ltrim(): Passing null to parameter #1 ($string) of type string is deprecated","file":"C:\\xampp\\htdocs\\wordpress\\wp-includes\\wp-db.php","line":3030}

Sep 03 2022 21:29:59
{"Number":8192,"Message":"DateTime::__construct(): Passing null to parameter #1 ($datetime) of type string is deprecated","File":"C:\\xampp\\htdocs\\wordpress\\wp-content\\plugins\\seo-by-rank-math\\vendor\\woocommerce\\action-scheduler\\functions.php","Line":316}

Sep 03 2022 21:29:59
{"type":8192,"message":"ltrim(): Passing null to parameter #1 ($string) of type string is deprecated","file":"C:\\xampp\\htdocs\\wordpress\\wp-includes\\wp-db.php","line":3030}

Sep 03 2022 21:30:11
{"type":8192,"message":"ltrim(): Passing null to parameter #1 ($string) of type string is deprecated","file":"C:\\xampp\\htdocs\\wordpress\\wp-includes\\wp-db.php","line":3030}

Sep 03 2022 21:30:23
{"type":8192,"message":"ltrim(): Passing null to parameter #1 ($string) of type string is deprecated","file":"C:\\xampp\\htdocs\\wordpress\\wp-includes\\wp-db.php","line":3030}

Sep 03 2022 21:30:35
{"type":8192,"message":"ltrim(): Passing null to parameter #1 ($string) of type string is deprecated","file":"C:\\xampp\\htdocs\\wordpress\\wp-includes\\wp-db.php","line":3030}

Sep 03 2022 21:30:46
{"type":8192,"message":"ltrim(): Passing null to parameter #1 ($string) of type string is deprecated","file":"C:\\xampp\\htdocs\\wordpress\\wp-includes\\wp-db.php","line":3030}

Sep 03 2022 21:30:58
{"type":8192,"message":"ltrim(): Passing null to parameter #1 ($string) of type string is deprecated","file":"C:\\xampp\\htdocs\\wordpress\\wp-includes\\wp-db.php","line":3030}

Sep 03 2022 21:31:15
{"Number":8192,"Message":"DateTime::__construct(): Passing null to parameter #1 ($datetime) of type string is deprecated","File":"C:\\xampp\\htdocs\\wordpress\\wp-content\\plugins\\seo-by-rank-math\\vendor\\woocommerce\\action-scheduler\\functions.php","Line":316}

Sep 03 2022 21:31:15
{"type":8192,"message":"ltrim(): Passing null to parameter #1 ($string) of type string is deprecated","file":"C:\\xampp\\htdocs\\wordpress\\wp-includes\\wp-db.php","line":3030}

Sep 03 2022 21:31:32
{"type":8192,"message":"ltrim(): Passing null to parameter #1 ($string) of type string is deprecated","file":"C:\\xampp\\htdocs\\wordpress\\wp-includes\\wp-db.php","line":3030}

Sep 03 2022 21:31:45
{"type":8192,"message":"ltrim(): Passing null to parameter #1 ($string) of type string is deprecated","file":"C:\\xampp\\htdocs\\wordpress\\wp-includes\\wp-db.php","line":3030}

Sep 03 2022 21:31:57
{"type":8192,"message":"ltrim(): Passing null to parameter #1 ($string) of type string is deprecated","file":"C:\\xampp\\htdocs\\wordpress\\wp-includes\\wp-db.php","line":3030}

Sep 03 2022 21:32:08
{"type":8192,"message":"ltrim(): Passing null to parameter #1 ($string) of type string is deprecated","file":"C:\\xampp\\htdocs\\wordpress\\wp-includes\\wp-db.php","line":3030}

Sep 03 2022 21:32:16
{"Number":8192,"Message":"DateTime::__construct(): Passing null to parameter #1 ($datetime) of type string is deprecated","File":"C:\\xampp\\htdocs\\wordpress\\wp-content\\plugins\\seo-by-rank-math\\vendor\\woocommerce\\action-scheduler\\functions.php","Line":316}

Sep 03 2022 21:32:16
{"type":8192,"message":"ltrim(): Passing null to parameter #1 ($string) of type string is deprecated","file":"C:\\xampp\\htdocs\\wordpress\\wp-includes\\wp-db.php","line":3030}

Sep 03 2022 21:32:20
{"type":8192,"message":"ltrim(): Passing null to parameter #1 ($string) of type string is deprecated","file":"C:\\xampp\\htdocs\\wordpress\\wp-includes\\wp-db.php","line":3030}

Sep 03 2022 21:32:22
{"type":8192,"message":"ltrim(): Passing null to parameter #1 ($string) of type string is deprecated","file":"C:\\xampp\\htdocs\\wordpress\\wp-includes\\wp-db.php","line":3030}

Sep 03 2022 21:32:24
{"type":8192,"message":"ltrim(): Passing null to parameter #1 ($string) of type string is deprecated","file":"C:\\xampp\\htdocs\\wordpress\\wp-includes\\wp-db.php","line":3030}

Sep 03 2022 21:32:25
{"type":8192,"message":"ltrim(): Passing null to parameter #1 ($string) of type string is deprecated","file":"C:\\xampp\\htdocs\\wordpress\\wp-includes\\wp-db.php","line":3030}

